<?xml version="1.0" encoding="UTF-8"?>
<!-- Generated by org.testng.reporters.JUnitReportReporter -->
<testsuite hostname="LAPTOP-536DDDD7" failures="0" tests="1" name="TestNG.Category" time="11.933" errors="0" timestamp="2021-07-09T11:10:24 CDT" skipped="0">
  <testcase classname="TestNG.Category" name="Validateuserisabletoaddcategory" time="11.933"/>
  <system-out/>
</testsuite> <!-- TestNG.Category -->
