<?xml version="1.0" encoding="UTF-8"?>
<!-- Generated by org.testng.reporters.JUnitReportReporter -->
<testsuite hostname="LAPTOP-536DDDD7" failures="0" tests="1" name="TestNG.DuplicateCategory" time="10.801" errors="0" timestamp="2021-07-09T18:25:36 CDT" skipped="0">
  <testcase classname="TestNG.DuplicateCategory" name="ValidateMonths" time="10.801"/>
  <system-out/>
</testsuite> <!-- TestNG.DuplicateCategory -->
